<?xml version="1.0" encoding="UTF-8"?>
<!-- Generated by org.testng.reporters.JUnitReportReporter -->
<testsuite hostname="DESKTOP-REKOO9G" name="RestTestig.Trello" tests="3" failures="0" timestamp="16 Mar 2022 17:30:24 GMT" time="7.507" errors="0">
  <testcase name="DeleteBoard" time="1.217" classname="RestTestig.Trello"/>
  <testcase name="getBoard" time="0.851" classname="RestTestig.Trello"/>
  <testcase name="createBoard" time="5.439" classname="RestTestig.Trello"/>
</testsuite> <!-- RestTestig.Trello -->
