<?xml version="1.0" encoding="UTF-8"?>
<!-- Generated by org.testng.reporters.JUnitReportReporter -->
<testsuite hostname="DESKTOP-REKOO9G" name="RestTestig.Ecommerce" tests="2" failures="0" timestamp="16 Mar 2022 17:30:24 GMT" time="7.094" errors="0">
  <testcase name="GetAllUser" time="2.643" classname="RestTestig.Ecommerce"/>
  <testcase name="Login" time="4.451" classname="RestTestig.Ecommerce"/>
</testsuite> <!-- RestTestig.Ecommerce -->
