<?xml version="1.0" encoding="UTF-8"?>
<!-- Generated by org.testng.reporters.JUnitReportReporter -->
<testsuite hostname="DESKTOP-REKOO9G" failures="0" tests="2" name="RestTestig.testNg" time="0.023" errors="0" timestamp="14 Mar 2022 11:16:02 GMT">
  <testcase classname="RestTestig.testNg" name="testcase2" time="0.005"/>
  <testcase classname="RestTestig.testNg" name="testcase1" time="0.018"/>
</testsuite> <!-- RestTestig.testNg -->
